{"/Users/ramadhana/Documents/react-training/goplay-submission-test/src/lib/helper/colorGenerator.js": {"path":"/Users/ramadhana/Documents/react-training/goplay-submission-test/src/lib/helper/colorGenerator.js","all":false,"statementMap":{"0":{"start":{"line":1,"column":0},"end":{"line":1,"column":49}},"1":{"start":{"line":2,"column":0},"end":{"line":2,"column":0}},"2":{"start":{"line":3,"column":0},"end":{"line":3,"column":52}},"3":{"start":{"line":4,"column":0},"end":{"line":4,"column":0}},"4":{"start":{"line":5,"column":0},"end":{"line":5,"column":35}},"5":{"start":{"line":6,"column":0},"end":{"line":6,"column":40}},"6":{"start":{"line":7,"column":0},"end":{"line":7,"column":21}},"7":{"start":{"line":8,"column":0},"end":{"line":8,"column":12}},"8":{"start":{"line":9,"column":0},"end":{"line":9,"column":0}},"9":{"start":{"line":10,"column":0},"end":{"line":10,"column":32}},"10":{"start":{"line":11,"column":0},"end":{"line":11,"column":28}},"11":{"start":{"line":12,"column":0},"end":{"line":12,"column":0}},"12":{"start":{"line":13,"column":0},"end":{"line":13,"column":27}},"13":{"start":{"line":14,"column":0},"end":{"line":14,"column":46}},"14":{"start":{"line":15,"column":0},"end":{"line":15,"column":44}},"15":{"start":{"line":16,"column":0},"end":{"line":16,"column":45}},"16":{"start":{"line":17,"column":0},"end":{"line":17,"column":50}},"17":{"start":{"line":18,"column":0},"end":{"line":18,"column":41}},"18":{"start":{"line":19,"column":0},"end":{"line":19,"column":4}},"19":{"start":{"line":20,"column":0},"end":{"line":20,"column":0}},"20":{"start":{"line":21,"column":0},"end":{"line":21,"column":21}},"21":{"start":{"line":22,"column":0},"end":{"line":22,"column":35}},"22":{"start":{"line":23,"column":0},"end":{"line":23,"column":11}},"23":{"start":{"line":24,"column":0},"end":{"line":24,"column":3}},"24":{"start":{"line":25,"column":0},"end":{"line":25,"column":0}},"25":{"start":{"line":26,"column":0},"end":{"line":26,"column":17}},"26":{"start":{"line":27,"column":0},"end":{"line":27,"column":2}},"27":{"start":{"line":28,"column":0},"end":{"line":28,"column":0}},"28":{"start":{"line":29,"column":0},"end":{"line":29,"column":67}},"29":{"start":{"line":30,"column":0},"end":{"line":30,"column":57}},"30":{"start":{"line":31,"column":0},"end":{"line":31,"column":17}},"31":{"start":{"line":32,"column":0},"end":{"line":32,"column":17}},"32":{"start":{"line":33,"column":0},"end":{"line":33,"column":54}},"33":{"start":{"line":34,"column":0},"end":{"line":34,"column":49}},"34":{"start":{"line":35,"column":0},"end":{"line":35,"column":40}},"35":{"start":{"line":36,"column":0},"end":{"line":36,"column":16}},"36":{"start":{"line":37,"column":0},"end":{"line":37,"column":3}},"37":{"start":{"line":38,"column":0},"end":{"line":38,"column":13}},"38":{"start":{"line":39,"column":0},"end":{"line":39,"column":2}},"39":{"start":{"line":40,"column":0},"end":{"line":40,"column":0}},"40":{"start":{"line":41,"column":0},"end":{"line":41,"column":43}},"41":{"start":{"line":42,"column":0},"end":{"line":42,"column":38}},"42":{"start":{"line":43,"column":0},"end":{"line":43,"column":24}},"43":{"start":{"line":44,"column":0},"end":{"line":44,"column":0}},"44":{"start":{"line":45,"column":0},"end":{"line":45,"column":50}},"45":{"start":{"line":46,"column":0},"end":{"line":46,"column":2}}},"s":{"0":1,"1":1,"2":1,"3":1,"4":1,"5":1,"6":2,"7":2,"8":2,"9":2,"10":1024,"11":1024,"12":1024,"13":1024,"14":1024,"15":1024,"16":1024,"17":1024,"18":1024,"19":2,"20":2,"21":1024,"22":1024,"23":1024,"24":1024,"25":2,"26":2,"27":1,"28":1,"29":1,"30":2,"31":2,"32":2,"33":11,"34":11,"35":11,"36":11,"37":2,"38":2,"39":1,"40":1,"41":1,"42":1,"43":1,"44":1,"45":1},"branchMap":{"0":{"type":"branch","line":6,"loc":{"start":{"line":6,"column":29},"end":{"line":27,"column":2}},"locations":[{"start":{"line":6,"column":29},"end":{"line":27,"column":2}}]},"1":{"type":"branch","line":22,"loc":{"start":{"line":22,"column":-1},"end":{"line":25,"column":0}},"locations":[{"start":{"line":22,"column":-1},"end":{"line":25,"column":0}}]},"2":{"type":"branch","line":10,"loc":{"start":{"line":10,"column":26},"end":{"line":19,"column":4}},"locations":[{"start":{"line":10,"column":26},"end":{"line":19,"column":4}}]},"3":{"type":"branch","line":30,"loc":{"start":{"line":30,"column":34},"end":{"line":39,"column":2}},"locations":[{"start":{"line":30,"column":34},"end":{"line":39,"column":2}}]},"4":{"type":"branch","line":34,"loc":{"start":{"line":34,"column":-1},"end":{"line":38,"column":2}},"locations":[{"start":{"line":34,"column":-1},"end":{"line":38,"column":2}}]},"5":{"type":"branch","line":41,"loc":{"start":{"line":41,"column":37},"end":{"line":46,"column":2}},"locations":[{"start":{"line":41,"column":37},"end":{"line":46,"column":2}}]}},"b":{"0":[2],"1":[1024],"2":[1024],"3":[2],"4":[11],"5":[1]},"fnMap":{"0":{"name":"arrayOfColor","decl":{"start":{"line":6,"column":29},"end":{"line":27,"column":2}},"loc":{"start":{"line":6,"column":29},"end":{"line":27,"column":2}},"line":6},"1":{"name":"colorGenerator","decl":{"start":{"line":10,"column":26},"end":{"line":19,"column":4}},"loc":{"start":{"line":10,"column":26},"end":{"line":19,"column":4}},"line":10},"2":{"name":"arrayToCollection","decl":{"start":{"line":30,"column":34},"end":{"line":39,"column":2}},"loc":{"start":{"line":30,"column":34},"end":{"line":39,"column":2}},"line":30},"3":{"name":"generateArrayofColor","decl":{"start":{"line":41,"column":37},"end":{"line":46,"column":2}},"loc":{"start":{"line":41,"column":37},"end":{"line":46,"column":2}},"line":41}},"f":{"0":2,"1":1024,"2":2,"3":1}}
,"/Users/ramadhana/Documents/react-training/goplay-submission-test/src/lib/helper/numberToText.js": {"path":"/Users/ramadhana/Documents/react-training/goplay-submission-test/src/lib/helper/numberToText.js","all":false,"statementMap":{"0":{"start":{"line":1,"column":0},"end":{"line":1,"column":49}},"1":{"start":{"line":2,"column":0},"end":{"line":2,"column":71}},"2":{"start":{"line":3,"column":0},"end":{"line":3,"column":0}},"3":{"start":{"line":4,"column":0},"end":{"line":4,"column":40}},"4":{"start":{"line":5,"column":0},"end":{"line":5,"column":54}},"5":{"start":{"line":6,"column":0},"end":{"line":6,"column":28}},"6":{"start":{"line":7,"column":0},"end":{"line":7,"column":27}},"7":{"start":{"line":8,"column":0},"end":{"line":8,"column":0}},"8":{"start":{"line":9,"column":0},"end":{"line":9,"column":21}},"9":{"start":{"line":10,"column":0},"end":{"line":10,"column":43}},"10":{"start":{"line":11,"column":0},"end":{"line":11,"column":0}},"11":{"start":{"line":12,"column":0},"end":{"line":12,"column":72}},"12":{"start":{"line":13,"column":0},"end":{"line":13,"column":65}},"13":{"start":{"line":14,"column":0},"end":{"line":14,"column":2}}},"s":{"0":1,"1":1,"2":1,"3":1,"4":2,"5":2,"6":2,"7":2,"8":2,"9":1,"10":1,"11":1,"12":1,"13":1},"branchMap":{"0":{"type":"branch","line":4,"loc":{"start":{"line":4,"column":29},"end":{"line":14,"column":2}},"locations":[{"start":{"line":4,"column":29},"end":{"line":14,"column":2}}]},"1":{"type":"branch","line":9,"loc":{"start":{"line":9,"column":15},"end":{"line":14,"column":2}},"locations":[{"start":{"line":9,"column":15},"end":{"line":14,"column":2}}]}},"b":{"0":[2],"1":[1]},"fnMap":{"0":{"name":"numberToText","decl":{"start":{"line":4,"column":29},"end":{"line":14,"column":2}},"loc":{"start":{"line":4,"column":29},"end":{"line":14,"column":2}},"line":4}},"f":{"0":2}}
}
